# JRE version: OpenJDK Runtime Environment (11.0.10) (build 11.0.10+0-b96-7249189)
# Java VM: OpenJDK 64-Bit Server VM (11.0.10+0-b96-7249189, mixed mode, tiered, compressed oops, g1 gc, windows-amd64)
Heap:
 garbage-first heap   total 177152K, used 130574K [0x0000000080000000, 0x0000000100000000)
  region size 1024K, 27 young (27648K), 5 survivors (5120K)
 Metaspace       used 100156K, capacity 102992K, committed 103244K, reserved 1138688K
  class space    used 12876K, capacity 13902K, committed 13952K, reserved 1048576K
GC Heap History (20 events):
Event: 34.448 GC heap before
{Heap before GC invocations=21 (full 0):
 garbage-first heap   total 177152K, used 129920K [0x0000000080000000, 0x0000000100000000)
  region size 1024K, 56 young (57344K), 7 survivors (7168K)
 Metaspace       used 73086K, capacity 75127K, committed 75468K, reserved 1114112K
  class space    used 9414K, capacity 10117K, committed 10240K, reserved 1048576K
}
Event: 34.467 GC heap after
{Heap after GC invocations=22 (full 0):
 garbage-first heap   total 177152K, used 84317K [0x0000000080000000, 0x0000000100000000)
  region size 1024K, 5 young (5120K), 5 survivors (5120K)
 Metaspace       used 73086K, capacity 75127K, committed 75468K, reserved 1114112K
  class space    used 9414K, capacity 10117K, committed 10240K, reserved 1048576K
}
Event: 35.794 GC heap before
{Heap before GC invocations=22 (full 0):
 garbage-first heap   total 177152K, used 133469K [0x0000000080000000, 0x0000000100000000)
  region size 1024K, 53 young (54272K), 5 survivors (5120K)
 Metaspace       used 76154K, capacity 78162K, committed 78412K, reserved 1118208K
  class space    used 9891K, capacity 10567K, committed 10624K, reserved 1048576K
}
Event: 35.817 GC heap after
{Heap after GC invocations=23 (full 0):
 garbage-first heap   total 177152K, used 87490K [0x0000000080000000, 0x0000000100000000)
  region size 1024K, 4 young (4096K), 4 survivors (4096K)
 Metaspace       used 76154K, capacity 78162K, committed 78412K, reserved 1118208K
  class space    used 9891K, capacity 10567K, committed 10624K, reserved 1048576K
}
Event: 37.714 GC heap before
{Heap before GC invocations=24 (full 0):
 garbage-first heap   total 177152K, used 136642K [0x0000000080000000, 0x0000000100000000)
  region size 1024K, 52 young (53248K), 4 survivors (4096K)
 Metaspace       used 79740K, capacity 81922K, committed 81996K, reserved 1120256K
  class space    used 10403K, capacity 11133K, committed 11136K, reserved 1048576K
}
Event: 37.730 GC heap after
{Heap after GC invocations=25 (full 0):
 garbage-first heap   total 177152K, used 89436K [0x0000000080000000, 0x0000000100000000)
  region size 1024K, 6 young (6144K), 6 survivors (6144K)
 Metaspace       used 79740K, capacity 81922K, committed 81996K, reserved 1120256K
  class space    used 10403K, capacity 11133K, committed 11136K, reserved 1048576K
}
Event: 39.422 GC heap before
{Heap before GC invocations=25 (full 0):
 garbage-first heap   total 177152K, used 131420K [0x0000000080000000, 0x0000000100000000)
  region size 1024K, 49 young (50176K), 6 survivors (6144K)
 Metaspace       used 82046K, capacity 84363K, committed 84428K, reserved 1122304K
  class space    used 10685K, capacity 11471K, committed 11520K, reserved 1048576K
}
Event: 39.439 GC heap after
{Heap after GC invocations=26 (full 0):
 garbage-first heap   total 177152K, used 93259K [0x0000000080000000, 0x0000000100000000)
  region size 1024K, 6 young (6144K), 6 survivors (6144K)
 Metaspace       used 82046K, capacity 84363K, committed 84428K, reserved 1122304K
  class space    used 10685K, capacity 11471K, committed 11520K, reserved 1048576K
}
Event: 41.978 GC heap before
{Heap before GC invocations=27 (full 0):
 garbage-first heap   total 177152K, used 143435K [0x0000000080000000, 0x0000000100000000)
  region size 1024K, 54 young (55296K), 6 survivors (6144K)
 Metaspace       used 89076K, capacity 91425K, committed 91724K, reserved 1128448K
  class space    used 11522K, capacity 12318K, committed 12416K, reserved 1048576K
}
Event: 42.007 GC heap after
{Heap after GC invocations=28 (full 0):
 garbage-first heap   total 177152K, used 95053K [0x0000000080000000, 0x0000000100000000)
  region size 1024K, 6 young (6144K), 6 survivors (6144K)
 Metaspace       used 89076K, capacity 91425K, committed 91724K, reserved 1128448K
  class space    used 11522K, capacity 12318K, committed 12416K, reserved 1048576K
}
Event: 44.941 GC heap before
{Heap before GC invocations=28 (full 0):
 garbage-first heap   total 177152K, used 143181K [0x0000000080000000, 0x0000000100000000)
  region size 1024K, 53 young (54272K), 6 survivors (6144K)
 Metaspace       used 91967K, capacity 94584K, committed 94796K, reserved 1130496K
  class space    used 11927K, capacity 12823K, committed 12928K, reserved 1048576K
}
Event: 44.961 GC heap after
{Heap after GC invocations=29 (full 0):
 garbage-first heap   total 177152K, used 98726K [0x0000000080000000, 0x0000000100000000)
  region size 1024K, 6 young (6144K), 6 survivors (6144K)
 Metaspace       used 91967K, capacity 94584K, committed 94796K, reserved 1130496K
  class space    used 11927K, capacity 12823K, committed 12928K, reserved 1048576K
}
Event: 46.837 GC heap before
{Heap before GC invocations=30 (full 0):
 garbage-first heap   total 177152K, used 144806K [0x0000000080000000, 0x0000000100000000)
  region size 1024K, 52 young (53248K), 6 survivors (6144K)
 Metaspace       used 92324K, capacity 94889K, committed 95052K, reserved 1132544K
  class space    used 11933K, capacity 12826K, committed 12928K, reserved 1048576K
}
Event: 46.861 GC heap after
{Heap after GC invocations=31 (full 0):
 garbage-first heap   total 177152K, used 101765K [0x0000000080000000, 0x0000000100000000)
  region size 1024K, 7 young (7168K), 7 survivors (7168K)
 Metaspace       used 92324K, capacity 94889K, committed 95052K, reserved 1132544K
  class space    used 11933K, capacity 12826K, committed 12928K, reserved 1048576K
}
Event: 48.522 GC heap before
{Heap before GC invocations=31 (full 0):
 garbage-first heap   total 177152K, used 145797K [0x0000000080000000, 0x0000000100000000)
  region size 1024K, 51 young (52224K), 7 survivors (7168K)
 Metaspace       used 93039K, capacity 95614K, committed 95820K, reserved 1132544K
  class space    used 11992K, capacity 12910K, committed 12928K, reserved 1048576K
}
Event: 48.546 GC heap after
{Heap after GC invocations=32 (full 0):
 garbage-first heap   total 177152K, used 105379K [0x0000000080000000, 0x0000000100000000)
  region size 1024K, 7 young (7168K), 7 survivors (7168K)
 Metaspace       used 93039K, capacity 95614K, committed 95820K, reserved 1132544K
  class space    used 11992K, capacity 12910K, committed 12928K, reserved 1048576K
}
Event: 51.166 GC heap before
{Heap before GC invocations=33 (full 0):
 garbage-first heap   total 177152K, used 147363K [0x0000000080000000, 0x0000000100000000)
  region size 1024K, 48 young (49152K), 7 survivors (7168K)
 Metaspace       used 96711K, capacity 99509K, committed 99788K, reserved 1136640K
  class space    used 12484K, capacity 13484K, committed 13568K, reserved 1048576K
}
Event: 51.182 GC heap after
{Heap after GC invocations=34 (full 0):
 garbage-first heap   total 177152K, used 106672K [0x0000000080000000, 0x0000000100000000)
  region size 1024K, 3 young (3072K), 3 survivors (3072K)
 Metaspace       used 96711K, capacity 99509K, committed 99788K, reserved 1136640K
  class space    used 12484K, capacity 13484K, committed 13568K, reserved 1048576K
}
Event: 52.685 GC heap before
{Heap before GC invocations=34 (full 0):
 garbage-first heap   total 177152K, used 147632K [0x0000000080000000, 0x0000000100000000)
  region size 1024K, 44 young (45056K), 3 survivors (3072K)
 Metaspace       used 98362K, capacity 101127K, committed 101196K, reserved 1136640K
  class space    used 12687K, capacity 13678K, committed 13696K, reserved 1048576K
}
Event: 52.699 GC heap after
{Heap after GC invocations=35 (full 0):
 garbage-first heap   total 177152K, used 109070K [0x0000000080000000, 0x0000000100000000)
  region size 1024K, 5 young (5120K), 5 survivors (5120K)
 Metaspace       used 98362K, capacity 101127K, committed 101196K, reserved 1136640K
  class space    used 12687K, capacity 13678K, committed 13696K, reserved 1048576K
}

