# JRE version: OpenJDK Runtime Environment (11.0.10) (build 11.0.10+0-b96-7249189)
# Java VM: OpenJDK 64-Bit Server VM (11.0.10+0-b96-7249189, mixed mode, tiered, compressed oops, g1 gc, windows-amd64)
Heap:
 garbage-first heap   total 147456K, used 120401K [0x0000000080000000, 0x0000000100000000)
  region size 1024K, 3 young (3072K), 1 survivors (1024K)
 Metaspace       used 105449K, capacity 108696K, committed 108748K, reserved 1142784K
  class space    used 13407K, capacity 14516K, committed 14540K, reserved 1048576K
GC Heap History (20 events):
Event: 1551.167 GC heap before
{Heap before GC invocations=99 (full 0):
 garbage-first heap   total 147456K, used 123686K [0x0000000080000000, 0x0000000100000000)
  region size 1024K, 7 young (7168K), 2 survivors (2048K)
 Metaspace       used 105168K, capacity 108360K, committed 108492K, reserved 1142784K
  class space    used 13396K, capacity 14501K, committed 14540K, reserved 1048576K
}
Event: 1551.246 GC heap after
{Heap after GC invocations=100 (full 0):
 garbage-first heap   total 147456K, used 118795K [0x0000000080000000, 0x0000000100000000)
  region size 1024K, 1 young (1024K), 1 survivors (1024K)
 Metaspace       used 105168K, capacity 108360K, committed 108492K, reserved 1142784K
  class space    used 13396K, capacity 14501K, committed 14540K, reserved 1048576K
}
Event: 1551.653 GC heap before
{Heap before GC invocations=100 (full 0):
 garbage-first heap   total 147456K, used 124939K [0x0000000080000000, 0x0000000100000000)
  region size 1024K, 8 young (8192K), 1 survivors (1024K)
 Metaspace       used 105168K, capacity 108360K, committed 108492K, reserved 1142784K
  class space    used 13396K, capacity 14501K, committed 14540K, reserved 1048576K
}
Event: 1551.669 GC heap after
{Heap after GC invocations=101 (full 0):
 garbage-first heap   total 147456K, used 119393K [0x0000000080000000, 0x0000000100000000)
  region size 1024K, 1 young (1024K), 1 survivors (1024K)
 Metaspace       used 105168K, capacity 108360K, committed 108492K, reserved 1142784K
  class space    used 13396K, capacity 14501K, committed 14540K, reserved 1048576K
}
Event: 1552.571 GC heap before
{Heap before GC invocations=102 (full 0):
 garbage-first heap   total 147456K, used 125537K [0x0000000080000000, 0x0000000100000000)
  region size 1024K, 8 young (8192K), 1 survivors (1024K)
 Metaspace       used 105223K, capacity 108366K, committed 108492K, reserved 1142784K
  class space    used 13396K, capacity 14501K, committed 14540K, reserved 1048576K
}
Event: 1552.582 GC heap after
{Heap after GC invocations=103 (full 0):
 garbage-first heap   total 147456K, used 120451K [0x0000000080000000, 0x0000000100000000)
  region size 1024K, 1 young (1024K), 1 survivors (1024K)
 Metaspace       used 105223K, capacity 108366K, committed 108492K, reserved 1142784K
  class space    used 13396K, capacity 14501K, committed 14540K, reserved 1048576K
}
Event: 1553.454 GC heap before
{Heap before GC invocations=103 (full 0):
 garbage-first heap   total 147456K, used 126595K [0x0000000080000000, 0x0000000100000000)
  region size 1024K, 7 young (7168K), 1 survivors (1024K)
 Metaspace       used 105237K, capacity 108366K, committed 108492K, reserved 1142784K
  class space    used 13396K, capacity 14501K, committed 14540K, reserved 1048576K
}
Event: 1553.472 GC heap after
{Heap after GC invocations=104 (full 0):
 garbage-first heap   total 147456K, used 113516K [0x0000000080000000, 0x0000000100000000)
  region size 1024K, 1 young (1024K), 1 survivors (1024K)
 Metaspace       used 105237K, capacity 108366K, committed 108492K, reserved 1142784K
  class space    used 13396K, capacity 14501K, committed 14540K, reserved 1048576K
}
Event: 1554.228 GC heap before
{Heap before GC invocations=104 (full 0):
 garbage-first heap   total 147456K, used 122732K [0x0000000080000000, 0x0000000100000000)
  region size 1024K, 10 young (10240K), 1 survivors (1024K)
 Metaspace       used 105262K, capacity 108366K, committed 108492K, reserved 1142784K
  class space    used 13396K, capacity 14501K, committed 14540K, reserved 1048576K
}
Event: 1554.248 GC heap after
{Heap after GC invocations=105 (full 0):
 garbage-first heap   total 147456K, used 114177K [0x0000000080000000, 0x0000000100000000)
  region size 1024K, 2 young (2048K), 2 survivors (2048K)
 Metaspace       used 105262K, capacity 108366K, committed 108492K, reserved 1142784K
  class space    used 13396K, capacity 14501K, committed 14540K, reserved 1048576K
}
Event: 1554.533 GC heap before
{Heap before GC invocations=105 (full 0):
 garbage-first heap   total 147456K, used 123393K [0x0000000080000000, 0x0000000100000000)
  region size 1024K, 11 young (11264K), 2 survivors (2048K)
 Metaspace       used 105309K, capacity 108498K, committed 108748K, reserved 1142784K
  class space    used 13396K, capacity 14501K, committed 14540K, reserved 1048576K
}
Event: 1554.554 GC heap after
{Heap after GC invocations=106 (full 0):
 garbage-first heap   total 147456K, used 114825K [0x0000000080000000, 0x0000000100000000)
  region size 1024K, 2 young (2048K), 2 survivors (2048K)
 Metaspace       used 105309K, capacity 108498K, committed 108748K, reserved 1142784K
  class space    used 13396K, capacity 14501K, committed 14540K, reserved 1048576K
}
Event: 1555.139 GC heap before
{Heap before GC invocations=107 (full 0):
 garbage-first heap   total 147456K, used 124041K [0x0000000080000000, 0x0000000100000000)
  region size 1024K, 11 young (11264K), 2 survivors (2048K)
 Metaspace       used 105354K, capacity 108573K, committed 108748K, reserved 1142784K
  class space    used 13396K, capacity 14501K, committed 14540K, reserved 1048576K
}
Event: 1555.168 GC heap after
{Heap after GC invocations=108 (full 0):
 garbage-first heap   total 147456K, used 116371K [0x0000000080000000, 0x0000000100000000)
  region size 1024K, 2 young (2048K), 2 survivors (2048K)
 Metaspace       used 105354K, capacity 108573K, committed 108748K, reserved 1142784K
  class space    used 13396K, capacity 14501K, committed 14540K, reserved 1048576K
}
Event: 1743.882 GC heap before
{Heap before GC invocations=108 (full 0):
 garbage-first heap   total 147456K, used 125587K [0x0000000080000000, 0x0000000100000000)
  region size 1024K, 11 young (11264K), 2 survivors (2048K)
 Metaspace       used 105405K, capacity 108601K, committed 108748K, reserved 1142784K
  class space    used 13402K, capacity 14508K, committed 14540K, reserved 1048576K
}
Event: 1744.230 GC heap after
{Heap after GC invocations=109 (full 0):
 garbage-first heap   total 147456K, used 117442K [0x0000000080000000, 0x0000000100000000)
  region size 1024K, 1 young (1024K), 1 survivors (1024K)
 Metaspace       used 105405K, capacity 108601K, committed 108748K, reserved 1142784K
  class space    used 13402K, capacity 14508K, committed 14540K, reserved 1048576K
}
Event: 1746.808 GC heap before
{Heap before GC invocations=109 (full 0):
 garbage-first heap   total 147456K, used 125634K [0x0000000080000000, 0x0000000100000000)
  region size 1024K, 9 young (9216K), 1 survivors (1024K)
 Metaspace       used 105438K, capacity 108690K, committed 108748K, reserved 1142784K
  class space    used 13406K, capacity 14514K, committed 14540K, reserved 1048576K
}
Event: 1746.834 GC heap after
{Heap after GC invocations=110 (full 0):
 garbage-first heap   total 147456K, used 118655K [0x0000000080000000, 0x0000000100000000)
  region size 1024K, 2 young (2048K), 2 survivors (2048K)
 Metaspace       used 105438K, capacity 108690K, committed 108748K, reserved 1142784K
  class space    used 13406K, capacity 14514K, committed 14540K, reserved 1048576K
}
Event: 1749.177 GC heap before
{Heap before GC invocations=111 (full 0):
 garbage-first heap   total 147456K, used 125823K [0x0000000080000000, 0x0000000100000000)
  region size 1024K, 10 young (10240K), 2 survivors (2048K)
 Metaspace       used 105446K, capacity 108696K, committed 108748K, reserved 1142784K
  class space    used 13407K, capacity 14516K, committed 14540K, reserved 1048576K
}
Event: 1749.215 GC heap after
{Heap after GC invocations=112 (full 0):
 garbage-first heap   total 147456K, used 119377K [0x0000000080000000, 0x0000000100000000)
  region size 1024K, 1 young (1024K), 1 survivors (1024K)
 Metaspace       used 105446K, capacity 108696K, committed 108748K, reserved 1142784K
  class space    used 13407K, capacity 14516K, committed 14540K, reserved 1048576K
}

